<?xml version="1.0" encoding="UTF-8"?>
<!-- Generated by org.testng.reporters.JUnitReportReporter -->
<testsuite hostname="Satyas-MacBook-Air.local" failures="0" tests="1" name="SeleniumPractice.Login" time="11.458" errors="0" timestamp="2025-09-09T19:22:09 IST" skipped="0">
  <testcase classname="SeleniumPractice.Login" name="invokeurl" time="11.458"/>
</testsuite> <!-- SeleniumPractice.Login -->
