<?xml version="1.0" encoding="UTF-8"?>
<!-- Generated by org.testng.reporters.JUnitReportReporter -->
<testsuite hostname="Satyas-MacBook-Air.local" failures="0" tests="1" name="SeleniumPractice.Login" time="16.107" errors="0" timestamp="2025-09-09T20:01:28 IST" skipped="0">
  <testcase classname="SeleniumPractice.Login" name="invokeurl" time="16.107"/>
</testsuite> <!-- SeleniumPractice.Login -->
