<?xml version="1.0" encoding="UTF-8"?>
<!-- Generated by org.testng.reporters.JUnitReportReporter -->
<testsuite hostname="Satyas-MacBook-Air.local" failures="0" tests="1" name="SeleniumPractice.Login" time="14.688" errors="0" timestamp="2025-09-10T21:18:49 IST" skipped="0">
  <testcase classname="SeleniumPractice.Login" name="invokeurl" time="14.688"/>
</testsuite> <!-- SeleniumPractice.Login -->
